<?xml version="1.0" encoding="UTF-8"?>
<testsuite name="com.kwchaiwat.dev.springbootkotlin.SpringboardsApplicationTests" tests="1" skipped="0" failures="0" errors="0" timestamp="2021-07-28T14:36:51" hostname="M1ss-MacBook-Pro.local" time="0.02">
  <properties/>
  <testcase name="contextLoads()" classname="com.kwchaiwat.dev.springbootkotlin.SpringboardsApplicationTests" time="0.02"/>
  <system-out><![CDATA[2021-07-28 21:36:43.134  INFO 3523 --- [    Test worker] .b.t.c.SpringBootTestContextBootstrapper : Neither @ContextConfiguration nor @ContextHierarchy found for test class [com.kwchaiwat.dev.springbootkotlin.SpringboardsApplicationTests], using SpringBootContextLoader
2021-07-28 21:36:43.147  INFO 3523 --- [    Test worker] o.s.t.c.support.AbstractContextLoader    : Could not detect default resource locations for test class [com.kwchaiwat.dev.springbootkotlin.SpringboardsApplicationTests]: no resource found for suffixes {-context.xml, Context.groovy}.
2021-07-28 21:36:43.154  INFO 3523 --- [    Test worker] t.c.s.AnnotationConfigContextLoaderUtils : Could not detect default configuration classes for test class [com.kwchaiwat.dev.springbootkotlin.SpringboardsApplicationTests]: SpringboardsApplicationTests does not declare any static, non-private, non-final, nested classes annotated with @Configuration.
2021-07-28 21:36:43.193  INFO 3523 --- [    Test worker] .b.t.c.SpringBootTestContextBootstrapper : Found @SpringBootConfiguration com.kwchaiwat.dev.springbootkotlin.SpringboardsApplication for test class com.kwchaiwat.dev.springbootkotlin.SpringboardsApplicationTests
2021-07-28 21:36:43.197  INFO 3523 --- [    Test worker] .b.t.c.SpringBootTestContextBootstrapper : Loaded default TestExecutionListener class names from location [META-INF/spring.factories]: [org.springframework.boot.test.autoconfigure.restdocs.RestDocsTestExecutionListener, org.springframework.boot.test.autoconfigure.web.client.MockRestServiceServerResetTestExecutionListener, org.springframework.boot.test.autoconfigure.web.servlet.MockMvcPrintOnlyOnFailureTestExecutionListener, org.springframework.boot.test.autoconfigure.web.servlet.WebDriverTestExecutionListener, org.springframework.boot.test.autoconfigure.webservices.client.MockWebServiceServerTestExecutionListener, org.springframework.boot.test.mock.mockito.MockitoTestExecutionListener, org.springframework.boot.test.mock.mockito.ResetMocksTestExecutionListener, org.springframework.test.context.web.ServletTestExecutionListener, org.springframework.test.context.support.DirtiesContextBeforeModesTestExecutionListener, org.springframework.test.context.event.ApplicationEventsTestExecutionListener, org.springframework.test.context.support.DependencyInjectionTestExecutionListener, org.springframework.test.context.support.DirtiesContextTestExecutionListener, org.springframework.test.context.transaction.TransactionalTestExecutionListener, org.springframework.test.context.jdbc.SqlScriptsTestExecutionListener, org.springframework.test.context.event.EventPublishingTestExecutionListener]
2021-07-28 21:36:43.198  INFO 3523 --- [    Test worker] .b.t.c.SpringBootTestContextBootstrapper : Using TestExecutionListeners: [org.springframework.test.context.web.ServletTestExecutionListener@48123943, org.springframework.test.context.support.DirtiesContextBeforeModesTestExecutionListener@2eab385c, org.springframework.test.context.event.ApplicationEventsTestExecutionListener@2a2a33b1, org.springframework.boot.test.mock.mockito.MockitoTestExecutionListener@17300906, org.springframework.boot.test.autoconfigure.SpringBootDependencyInjectionTestExecutionListener@4eb1f282, org.springframework.test.context.support.DirtiesContextTestExecutionListener@39af4ad0, org.springframework.test.context.transaction.TransactionalTestExecutionListener@426341ef, org.springframework.test.context.jdbc.SqlScriptsTestExecutionListener@558c089c, org.springframework.test.context.event.EventPublishingTestExecutionListener@1468d54d, org.springframework.boot.test.autoconfigure.restdocs.RestDocsTestExecutionListener@57d2e4da, org.springframework.boot.test.autoconfigure.web.client.MockRestServiceServerResetTestExecutionListener@fe6bbf6, org.springframework.boot.test.autoconfigure.web.servlet.MockMvcPrintOnlyOnFailureTestExecutionListener@3a9b9a7e, org.springframework.boot.test.autoconfigure.web.servlet.WebDriverTestExecutionListener@680bf2dd, org.springframework.boot.test.autoconfigure.webservices.client.MockWebServiceServerTestExecutionListener@283f2f32, org.springframework.boot.test.mock.mockito.ResetMocksTestExecutionListener@123c18c8]

  .   ____          _            __ _ _
 /\\ / ___'_ __ _ _(_)_ __  __ _ \ \ \ \
( ( )\___ | '_ | '_| | '_ \/ _` | \ \ \ \
 \\/  ___)| |_)| | | | | || (_| |  ) ) ) )
  '  |____| .__|_| |_|_| |_\__, | / / / /
 =========|_|==============|___/=/_/_/_/
 :: Spring Boot ::             (v2.6.0-M1)

2021-07-28 21:36:48.393  INFO 3523 --- [    Test worker] c.k.d.s.SpringboardsApplicationTests     : Starting SpringboardsApplicationTests using Java 15.0.1 on M1ss-MacBook-Pro.local with PID 3523 (started by m1schaiwat in /Users/m1schaiwat/Desktop/ETC/myWorkSpace/Spring Kotlin/SpringBoot-Kotlin-MVC-JPA)
2021-07-28 21:36:48.396  INFO 3523 --- [    Test worker] c.k.d.s.SpringboardsApplicationTests     : No active profile set, falling back to default profiles: default
2021-07-28 21:36:49.181  INFO 3523 --- [    Test worker] .s.d.r.c.RepositoryConfigurationDelegate : Multiple Spring Data modules found, entering strict repository configuration mode!
2021-07-28 21:36:49.188  INFO 3523 --- [    Test worker] .s.d.r.c.RepositoryConfigurationDelegate : Bootstrapping Spring Data JDBC repositories in DEFAULT mode.
2021-07-28 21:36:49.221  INFO 3523 --- [    Test worker] .RepositoryConfigurationExtensionSupport : Spring Data JDBC - Could not safely identify store assignment for repository candidate interface com.kwchaiwat.dev.springbootkotlin.model.BankRepository. If you want this repository to be a JDBC repository, consider annotating your entities with one of these annotations: org.springframework.data.relational.core.mapping.Table.
2021-07-28 21:36:49.222  INFO 3523 --- [    Test worker] .s.d.r.c.RepositoryConfigurationDelegate : Finished Spring Data repository scanning in 32 ms. Found 0 JDBC repository interfaces.
2021-07-28 21:36:49.228  INFO 3523 --- [    Test worker] .s.d.r.c.RepositoryConfigurationDelegate : Multiple Spring Data modules found, entering strict repository configuration mode!
2021-07-28 21:36:49.228  INFO 3523 --- [    Test worker] .s.d.r.c.RepositoryConfigurationDelegate : Bootstrapping Spring Data JPA repositories in DEFAULT mode.
2021-07-28 21:36:49.252  INFO 3523 --- [    Test worker] .s.d.r.c.RepositoryConfigurationDelegate : Finished Spring Data repository scanning in 23 ms. Found 1 JPA repository interfaces.
2021-07-28 21:36:49.579  INFO 3523 --- [    Test worker] o.hibernate.jpa.internal.util.LogHelper  : HHH000204: Processing PersistenceUnitInfo [name: default]
2021-07-28 21:36:49.597  INFO 3523 --- [    Test worker] com.zaxxer.hikari.HikariDataSource       : HikariPool-2 - Starting...
2021-07-28 21:36:49.755  INFO 3523 --- [    Test worker] com.zaxxer.hikari.HikariDataSource       : HikariPool-2 - Start completed.
2021-07-28 21:36:49.768  INFO 3523 --- [    Test worker] org.hibernate.dialect.Dialect            : HHH000400: Using dialect: org.hibernate.dialect.MySQL5InnoDBDialect
2021-07-28 21:36:49.890  INFO 3523 --- [    Test worker] o.h.e.t.j.p.i.JtaPlatformInitiator       : HHH000490: Using JtaPlatform implementation: [org.hibernate.engine.transaction.jta.platform.internal.NoJtaPlatform]
2021-07-28 21:36:49.900  INFO 3523 --- [    Test worker] j.LocalContainerEntityManagerFactoryBean : Initialized JPA EntityManagerFactory for persistence unit 'default'
2021-07-28 21:36:50.896  WARN 3523 --- [    Test worker] JpaBaseConfiguration$JpaWebConfiguration : spring.jpa.open-in-view is enabled by default. Therefore, database queries may be performed during view rendering. Explicitly configure spring.jpa.open-in-view to disable this warning
2021-07-28 21:36:50.999  INFO 3523 --- [    Test worker] o.s.b.a.w.s.WelcomePageHandlerMapping    : Adding welcome page: class path resource [static/index.html]
2021-07-28 21:36:51.360  WARN 3523 --- [    Test worker] o.s.data.convert.CustomConversions       : Registering converter from class java.time.OffsetDateTime to class org.springframework.data.jdbc.core.convert.JdbcValue as writing converter although it doesn't convert to a store-supported type! You might want to check your annotation setup at the converter implementation.
2021-07-28 21:36:51.425  INFO 3523 --- [    Test worker] c.k.d.s.SpringboardsApplicationTests     : Started SpringboardsApplicationTests in 8.221 seconds (JVM running for 32.167)
]]></system-out>
  <system-err><![CDATA[]]></system-err>
</testsuite>
