<?xml version="1.0" encoding="UTF-8"?>
<testsuite name="com.kwchaiwat.dev.springbootkotlin.controller.BankControllerTest" tests="0" skipped="0" failures="0" errors="0" timestamp="1970-01-01T00:00:00" hostname="M1ss-MacBook-Pro.local" time="0.0">
  <properties/>
  <system-out><![CDATA[21:36:21.202 [Test worker] DEBUG org.springframework.test.context.BootstrapUtils - Instantiating CacheAwareContextLoaderDelegate from class [org.springframework.test.context.cache.DefaultCacheAwareContextLoaderDelegate]
21:36:21.225 [Test worker] DEBUG org.springframework.test.context.BootstrapUtils - Instantiating BootstrapContext using constructor [public org.springframework.test.context.support.DefaultBootstrapContext(java.lang.Class,org.springframework.test.context.CacheAwareContextLoaderDelegate)]
21:36:21.297 [Test worker] DEBUG org.springframework.test.context.BootstrapUtils - Instantiating TestContextBootstrapper for test class [com.kwchaiwat.dev.springbootkotlin.controller.BankControllerTest] from class [org.springframework.boot.test.context.SpringBootTestContextBootstrapper]
21:36:21.323 [Test worker] INFO org.springframework.boot.test.context.SpringBootTestContextBootstrapper - Neither @ContextConfiguration nor @ContextHierarchy found for test class [com.kwchaiwat.dev.springbootkotlin.controller.BankControllerTest], using SpringBootContextLoader
21:36:21.331 [Test worker] DEBUG org.springframework.test.context.support.AbstractContextLoader - Did not detect default resource location for test class [com.kwchaiwat.dev.springbootkotlin.controller.BankControllerTest]: class path resource [com/kwchaiwat/dev/springbootkotlin/controller/BankControllerTest-context.xml] does not exist
21:36:21.331 [Test worker] DEBUG org.springframework.test.context.support.AbstractContextLoader - Did not detect default resource location for test class [com.kwchaiwat.dev.springbootkotlin.controller.BankControllerTest]: class path resource [com/kwchaiwat/dev/springbootkotlin/controller/BankControllerTestContext.groovy] does not exist
21:36:21.331 [Test worker] INFO org.springframework.test.context.support.AbstractContextLoader - Could not detect default resource locations for test class [com.kwchaiwat.dev.springbootkotlin.controller.BankControllerTest]: no resource found for suffixes {-context.xml, Context.groovy}.
21:36:21.335 [Test worker] DEBUG org.springframework.test.context.support.AnnotationConfigContextLoaderUtils - Ignoring class [com.kwchaiwat.dev.springbootkotlin.controller.BankControllerTest$GetBanks]; it must be static, non-private, non-final, and annotated with @Configuration to be considered a default configuration class.
21:36:21.336 [Test worker] DEBUG org.springframework.test.context.support.AnnotationConfigContextLoaderUtils - Ignoring class [com.kwchaiwat.dev.springbootkotlin.controller.BankControllerTest$GetBank]; it must be static, non-private, non-final, and annotated with @Configuration to be considered a default configuration class.
21:36:21.336 [Test worker] DEBUG org.springframework.test.context.support.AnnotationConfigContextLoaderUtils - Ignoring class [com.kwchaiwat.dev.springbootkotlin.controller.BankControllerTest$PostNewBank]; it must be static, non-private, non-final, and annotated with @Configuration to be considered a default configuration class.
21:36:21.336 [Test worker] DEBUG org.springframework.test.context.support.AnnotationConfigContextLoaderUtils - Ignoring class [com.kwchaiwat.dev.springbootkotlin.controller.BankControllerTest$PatchExistingBank]; it must be static, non-private, non-final, and annotated with @Configuration to be considered a default configuration class.
21:36:21.337 [Test worker] DEBUG org.springframework.test.context.support.AnnotationConfigContextLoaderUtils - Ignoring class [com.kwchaiwat.dev.springbootkotlin.controller.BankControllerTest$DeleteExistingBank]; it must be static, non-private, non-final, and annotated with @Configuration to be considered a default configuration class.
21:36:21.337 [Test worker] INFO org.springframework.test.context.support.AnnotationConfigContextLoaderUtils - Could not detect default configuration classes for test class [com.kwchaiwat.dev.springbootkotlin.controller.BankControllerTest]: BankControllerTest does not declare any static, non-private, non-final, nested classes annotated with @Configuration.
21:36:21.426 [Test worker] DEBUG org.springframework.test.context.support.ActiveProfilesUtils - Could not find an 'annotation declaring class' for annotation type [org.springframework.test.context.ActiveProfiles] and class [com.kwchaiwat.dev.springbootkotlin.controller.BankControllerTest]
21:36:21.606 [Test worker] DEBUG org.springframework.context.annotation.ClassPathScanningCandidateComponentProvider - Identified candidate component class: file [/Users/m1schaiwat/Desktop/ETC/myWorkSpace/Spring Kotlin/SpringBoot-Kotlin-MVC-JPA/build/classes/kotlin/main/com/kwchaiwat/dev/springbootkotlin/SpringboardsApplication.class]
21:36:21.611 [Test worker] INFO org.springframework.boot.test.context.SpringBootTestContextBootstrapper - Found @SpringBootConfiguration com.kwchaiwat.dev.springbootkotlin.SpringboardsApplication for test class com.kwchaiwat.dev.springbootkotlin.controller.BankControllerTest
21:36:21.744 [Test worker] DEBUG org.springframework.boot.test.context.SpringBootTestContextBootstrapper - @TestExecutionListeners is not present for class [com.kwchaiwat.dev.springbootkotlin.controller.BankControllerTest]: using defaults.
21:36:21.745 [Test worker] INFO org.springframework.boot.test.context.SpringBootTestContextBootstrapper - Loaded default TestExecutionListener class names from location [META-INF/spring.factories]: [org.springframework.boot.test.autoconfigure.restdocs.RestDocsTestExecutionListener, org.springframework.boot.test.autoconfigure.web.client.MockRestServiceServerResetTestExecutionListener, org.springframework.boot.test.autoconfigure.web.servlet.MockMvcPrintOnlyOnFailureTestExecutionListener, org.springframework.boot.test.autoconfigure.web.servlet.WebDriverTestExecutionListener, org.springframework.boot.test.autoconfigure.webservices.client.MockWebServiceServerTestExecutionListener, org.springframework.boot.test.mock.mockito.MockitoTestExecutionListener, org.springframework.boot.test.mock.mockito.ResetMocksTestExecutionListener, org.springframework.test.context.web.ServletTestExecutionListener, org.springframework.test.context.support.DirtiesContextBeforeModesTestExecutionListener, org.springframework.test.context.event.ApplicationEventsTestExecutionListener, org.springframework.test.context.support.DependencyInjectionTestExecutionListener, org.springframework.test.context.support.DirtiesContextTestExecutionListener, org.springframework.test.context.transaction.TransactionalTestExecutionListener, org.springframework.test.context.jdbc.SqlScriptsTestExecutionListener, org.springframework.test.context.event.EventPublishingTestExecutionListener]
21:36:21.766 [Test worker] INFO org.springframework.boot.test.context.SpringBootTestContextBootstrapper - Using TestExecutionListeners: [org.springframework.test.context.web.ServletTestExecutionListener@6c9c25a4, org.springframework.test.context.support.DirtiesContextBeforeModesTestExecutionListener@336a1aa, org.springframework.test.context.event.ApplicationEventsTestExecutionListener@5184572e, org.springframework.boot.test.mock.mockito.MockitoTestExecutionListener@75bf0fb9, org.springframework.boot.test.autoconfigure.SpringBootDependencyInjectionTestExecutionListener@7803a5af, org.springframework.test.context.support.DirtiesContextTestExecutionListener@4e0e70f4, org.springframework.test.context.transaction.TransactionalTestExecutionListener@3dc0733c, org.springframework.test.context.jdbc.SqlScriptsTestExecutionListener@300f71fa, org.springframework.test.context.event.EventPublishingTestExecutionListener@55c48489, org.springframework.boot.test.autoconfigure.restdocs.RestDocsTestExecutionListener@68f0c715, org.springframework.boot.test.autoconfigure.web.client.MockRestServiceServerResetTestExecutionListener@569700a4, org.springframework.boot.test.autoconfigure.web.servlet.MockMvcPrintOnlyOnFailureTestExecutionListener@1d5c2b2d, org.springframework.boot.test.autoconfigure.web.servlet.WebDriverTestExecutionListener@6c4d04c3, org.springframework.boot.test.autoconfigure.webservices.client.MockWebServiceServerTestExecutionListener@26bbe30, org.springframework.boot.test.mock.mockito.ResetMocksTestExecutionListener@6c170cf9]
21:36:21.772 [Test worker] DEBUG org.springframework.test.context.support.AbstractDirtiesContextTestExecutionListener - Before test class: context [DefaultTestContext@2c9f48dc testClass = BankControllerTest, testInstance = [null], testMethod = [null], testException = [null], mergedContextConfiguration = [WebMergedContextConfiguration@5f4b971e testClass = BankControllerTest, locations = '{}', classes = '{class com.kwchaiwat.dev.springbootkotlin.SpringboardsApplication}', contextInitializerClasses = '[]', activeProfiles = '{}', propertySourceLocations = '{}', propertySourceProperties = '{org.springframework.boot.test.context.SpringBootTestContextBootstrapper=true}', contextCustomizers = set[org.springframework.boot.test.autoconfigure.actuate.metrics.MetricsExportContextCustomizerFactory$DisableMetricExportContextCustomizer@2d480232, org.springframework.boot.test.autoconfigure.properties.PropertyMappingContextCustomizer@4b3fa0b3, org.springframework.boot.test.autoconfigure.web.servlet.WebDriverContextCustomizerFactory$Customizer@58790365, [ImportsContextCustomizer@22caa701 key = [org.springframework.boot.test.autoconfigure.web.servlet.MockMvcAutoConfiguration, org.springframework.boot.test.autoconfigure.web.servlet.MockMvcWebClientAutoConfiguration, org.springframework.boot.test.autoconfigure.web.servlet.MockMvcWebDriverAutoConfiguration, org.springframework.boot.autoconfigure.security.oauth2.client.servlet.OAuth2ClientAutoConfiguration, org.springframework.boot.autoconfigure.security.oauth2.resource.servlet.OAuth2ResourceServerAutoConfiguration, org.springframework.boot.autoconfigure.security.servlet.SecurityAutoConfiguration, org.springframework.boot.autoconfigure.security.servlet.SecurityFilterAutoConfiguration, org.springframework.boot.autoconfigure.security.servlet.UserDetailsServiceAutoConfiguration, org.springframework.boot.test.autoconfigure.web.servlet.MockMvcSecurityConfiguration]], org.springframework.boot.test.context.filter.ExcludeFilterContextCustomizer@3e2aa42c, org.springframework.boot.test.json.DuplicateJsonObjectContextCustomizerFactory$DuplicateJsonObjectContextCustomizer@1f2887f7, org.springframework.boot.test.mock.mockito.MockitoContextCustomizer@0, org.springframework.boot.test.web.client.TestRestTemplateContextCustomizer@60aef3ca, org.springframework.boot.test.context.SpringBootTestArgs@1, org.springframework.boot.test.context.SpringBootTestWebEnvironment@3cac418b], resourceBasePath = 'src/main/webapp', contextLoader = 'org.springframework.boot.test.context.SpringBootContextLoader', parent = [null]], attributes = map['org.springframework.test.context.web.ServletTestExecutionListener.activateListener' -> true]], class annotated with @DirtiesContext [false] with mode [null].
]]></system-out>
  <system-err><![CDATA[]]></system-err>
</testsuite>
