<?xml version="1.0" encoding="UTF-8"?>
<testsuite name="DELETE /api/banks" tests="2" skipped="0" failures="0" errors="0" timestamp="2021-07-28T14:36:42" hostname="M1ss-MacBook-Pro.local" time="0.315">
  <properties/>
  <testcase name="should delete the bank with the given account number()" classname="com.kwchaiwat.dev.springbootkotlin.controller.BankControllerTest$DeleteExistingBank" time="0.219"/>
  <testcase name="should return NOT FOUND if no bank with given account number exitsts()" classname="com.kwchaiwat.dev.springbootkotlin.controller.BankControllerTest$DeleteExistingBank" time="0.094"/>
  <system-out><![CDATA[2021-07-28 21:36:42.672  INFO 3523 --- [    Test worker] .b.t.c.SpringBootTestContextBootstrapper : Neither @ContextConfiguration nor @ContextHierarchy found for test class [com.kwchaiwat.dev.springbootkotlin.controller.BankControllerTest$DeleteExistingBank], using SpringBootContextLoader
2021-07-28 21:36:42.692  INFO 3523 --- [    Test worker] o.s.t.c.support.AbstractContextLoader    : Could not detect default resource locations for test class [com.kwchaiwat.dev.springbootkotlin.controller.BankControllerTest$DeleteExistingBank]: no resource found for suffixes {-context.xml, Context.groovy}.
2021-07-28 21:36:42.695  INFO 3523 --- [    Test worker] t.c.s.AnnotationConfigContextLoaderUtils : Could not detect default configuration classes for test class [com.kwchaiwat.dev.springbootkotlin.controller.BankControllerTest$DeleteExistingBank]: DeleteExistingBank does not declare any static, non-private, non-final, nested classes annotated with @Configuration.
2021-07-28 21:36:42.721  INFO 3523 --- [    Test worker] .b.t.c.SpringBootTestContextBootstrapper : Found @SpringBootConfiguration com.kwchaiwat.dev.springbootkotlin.SpringboardsApplication for test class com.kwchaiwat.dev.springbootkotlin.controller.BankControllerTest$DeleteExistingBank
2021-07-28 21:36:42.734  INFO 3523 --- [    Test worker] .b.t.c.SpringBootTestContextBootstrapper : Loaded default TestExecutionListener class names from location [META-INF/spring.factories]: [org.springframework.boot.test.autoconfigure.restdocs.RestDocsTestExecutionListener, org.springframework.boot.test.autoconfigure.web.client.MockRestServiceServerResetTestExecutionListener, org.springframework.boot.test.autoconfigure.web.servlet.MockMvcPrintOnlyOnFailureTestExecutionListener, org.springframework.boot.test.autoconfigure.web.servlet.WebDriverTestExecutionListener, org.springframework.boot.test.autoconfigure.webservices.client.MockWebServiceServerTestExecutionListener, org.springframework.boot.test.mock.mockito.MockitoTestExecutionListener, org.springframework.boot.test.mock.mockito.ResetMocksTestExecutionListener, org.springframework.test.context.web.ServletTestExecutionListener, org.springframework.test.context.support.DirtiesContextBeforeModesTestExecutionListener, org.springframework.test.context.event.ApplicationEventsTestExecutionListener, org.springframework.test.context.support.DependencyInjectionTestExecutionListener, org.springframework.test.context.support.DirtiesContextTestExecutionListener, org.springframework.test.context.transaction.TransactionalTestExecutionListener, org.springframework.test.context.jdbc.SqlScriptsTestExecutionListener, org.springframework.test.context.event.EventPublishingTestExecutionListener]
2021-07-28 21:36:42.734  INFO 3523 --- [    Test worker] .b.t.c.SpringBootTestContextBootstrapper : Using TestExecutionListeners: [org.springframework.test.context.web.ServletTestExecutionListener@30ce3b4, org.springframework.test.context.support.DirtiesContextBeforeModesTestExecutionListener@4b3eee41, org.springframework.test.context.event.ApplicationEventsTestExecutionListener@7b65c1e7, org.springframework.boot.test.mock.mockito.MockitoTestExecutionListener@6a5375fc, org.springframework.boot.test.autoconfigure.SpringBootDependencyInjectionTestExecutionListener@ea62a41, org.springframework.test.context.support.DirtiesContextTestExecutionListener@32569132, org.springframework.test.context.transaction.TransactionalTestExecutionListener@67690466, org.springframework.test.context.jdbc.SqlScriptsTestExecutionListener@166461e2, org.springframework.test.context.event.EventPublishingTestExecutionListener@292fa54d, org.springframework.boot.test.autoconfigure.restdocs.RestDocsTestExecutionListener@2f767e5b, org.springframework.boot.test.autoconfigure.web.client.MockRestServiceServerResetTestExecutionListener@1315e7, org.springframework.boot.test.autoconfigure.web.servlet.MockMvcPrintOnlyOnFailureTestExecutionListener@35cd1f76, org.springframework.boot.test.autoconfigure.web.servlet.WebDriverTestExecutionListener@619cd14f, org.springframework.boot.test.autoconfigure.webservices.client.MockWebServiceServerTestExecutionListener@7d04ff81, org.springframework.boot.test.mock.mockito.ResetMocksTestExecutionListener@65a061eb]
Hibernate: select bank0_.id as id1_0_, bank0_.account_number as account_2_0_, bank0_.transaction_fee as transact3_0_, bank0_.trust as trust4_0_ from banks bank0_ where bank0_.account_number=?
Hibernate: delete from banks where id=?

MockHttpServletRequest:
      HTTP Method = DELETE
      Request URI = /api/banks/abc123
       Parameters = {}
          Headers = []
             Body = null
    Session Attrs = {}

Handler:
             Type = com.kwchaiwat.dev.springbootkotlin.controller.bank.BankController
           Method = com.kwchaiwat.dev.springbootkotlin.controller.bank.BankController#deleteBank(String)

Async:
    Async started = false
     Async result = null

Resolved Exception:
             Type = null

ModelAndView:
        View name = null
             View = null
            Model = null

FlashMap:
       Attributes = null

MockHttpServletResponse:
           Status = 204
    Error message = null
          Headers = []
     Content type = null
             Body = 
    Forwarded URL = null
   Redirected URL = null
          Cookies = []
Hibernate: select bank0_.id as id1_0_, bank0_.account_number as account_2_0_, bank0_.transaction_fee as transact3_0_, bank0_.trust as trust4_0_ from banks bank0_ where bank0_.account_number=?
Hibernate: select bank0_.id as id1_0_, bank0_.account_number as account_2_0_, bank0_.transaction_fee as transact3_0_, bank0_.trust as trust4_0_ from banks bank0_ where bank0_.account_number=?

MockHttpServletRequest:
      HTTP Method = DELETE
      Request URI = /api/banks/does_not_exist
       Parameters = {}
          Headers = []
             Body = null
    Session Attrs = {}

Handler:
             Type = com.kwchaiwat.dev.springbootkotlin.controller.bank.BankController
           Method = com.kwchaiwat.dev.springbootkotlin.controller.bank.BankController#deleteBank(String)

Async:
    Async started = false
     Async result = null

Resolved Exception:
             Type = java.util.NoSuchElementException

ModelAndView:
        View name = null
             View = null
            Model = null

FlashMap:
       Attributes = null

MockHttpServletResponse:
           Status = 404
    Error message = null
          Headers = [Content-Type:"text/plain;charset=UTF-8", Content-Length:"56"]
     Content type = text/plain;charset=UTF-8
             Body = Could not find a bank with account number does_not_exist
    Forwarded URL = null
   Redirected URL = null
          Cookies = []
]]></system-out>
  <system-err><![CDATA[]]></system-err>
</testsuite>
