<?xml version="1.0" encoding="UTF-8"?>
<testsuite name="GET /api/banks" tests="1" skipped="0" failures="0" errors="0" timestamp="2021-07-28T14:36:39" hostname="M1ss-MacBook-Pro.local" time="1.066">
  <properties/>
  <testcase name="should return all banks()" classname="com.kwchaiwat.dev.springbootkotlin.controller.BankControllerTest$GetBanks" time="1.066"/>
  <system-out><![CDATA[21:36:21.848 [Test worker] DEBUG org.springframework.test.context.support.TestPropertySourceUtils - Adding inlined properties to environment: {spring.jmx.enabled=false, org.springframework.boot.test.context.SpringBootTestContextBootstrapper=true}

  .   ____          _            __ _ _
 /\\ / ___'_ __ _ _(_)_ __  __ _ \ \ \ \
( ( )\___ | '_ | '_| | '_ \/ _` | \ \ \ \
 \\/  ___)| |_)| | | | | || (_| |  ) ) ) )
  '  |____| .__|_| |_|_| |_\__, | / / / /
 =========|_|==============|___/=/_/_/_/
 :: Spring Boot ::             (v2.6.0-M1)

2021-07-28 21:36:27.559  INFO 3523 --- [    Test worker] c.k.d.s.controller.BankControllerTest    : Starting BankControllerTest using Java 15.0.1 on M1ss-MacBook-Pro.local with PID 3523 (started by m1schaiwat in /Users/m1schaiwat/Desktop/ETC/myWorkSpace/Spring Kotlin/SpringBoot-Kotlin-MVC-JPA)
2021-07-28 21:36:27.575  INFO 3523 --- [    Test worker] c.k.d.s.controller.BankControllerTest    : No active profile set, falling back to default profiles: default
2021-07-28 21:36:29.362  INFO 3523 --- [    Test worker] .s.d.r.c.RepositoryConfigurationDelegate : Multiple Spring Data modules found, entering strict repository configuration mode!
2021-07-28 21:36:29.366  INFO 3523 --- [    Test worker] .s.d.r.c.RepositoryConfigurationDelegate : Bootstrapping Spring Data JDBC repositories in DEFAULT mode.
2021-07-28 21:36:29.455  INFO 3523 --- [    Test worker] .RepositoryConfigurationExtensionSupport : Spring Data JDBC - Could not safely identify store assignment for repository candidate interface com.kwchaiwat.dev.springbootkotlin.model.BankRepository. If you want this repository to be a JDBC repository, consider annotating your entities with one of these annotations: org.springframework.data.relational.core.mapping.Table.
2021-07-28 21:36:29.457  INFO 3523 --- [    Test worker] .s.d.r.c.RepositoryConfigurationDelegate : Finished Spring Data repository scanning in 84 ms. Found 0 JDBC repository interfaces.
2021-07-28 21:36:29.487  INFO 3523 --- [    Test worker] .s.d.r.c.RepositoryConfigurationDelegate : Multiple Spring Data modules found, entering strict repository configuration mode!
2021-07-28 21:36:29.489  INFO 3523 --- [    Test worker] .s.d.r.c.RepositoryConfigurationDelegate : Bootstrapping Spring Data JPA repositories in DEFAULT mode.
2021-07-28 21:36:29.550  INFO 3523 --- [    Test worker] .s.d.r.c.RepositoryConfigurationDelegate : Finished Spring Data repository scanning in 49 ms. Found 1 JPA repository interfaces.
2021-07-28 21:36:31.012  INFO 3523 --- [    Test worker] o.hibernate.jpa.internal.util.LogHelper  : HHH000204: Processing PersistenceUnitInfo [name: default]
2021-07-28 21:36:31.095  INFO 3523 --- [    Test worker] org.hibernate.Version                    : HHH000412: Hibernate ORM core version 5.5.4.Final
2021-07-28 21:36:31.283  INFO 3523 --- [    Test worker] o.hibernate.annotations.common.Version   : HCANN000001: Hibernate Commons Annotations {5.1.2.Final}
2021-07-28 21:36:31.388  INFO 3523 --- [    Test worker] com.zaxxer.hikari.HikariDataSource       : HikariPool-1 - Starting...
2021-07-28 21:36:32.006  INFO 3523 --- [    Test worker] com.zaxxer.hikari.HikariDataSource       : HikariPool-1 - Start completed.
2021-07-28 21:36:32.025  INFO 3523 --- [    Test worker] org.hibernate.dialect.Dialect            : HHH000400: Using dialect: org.hibernate.dialect.MySQL5InnoDBDialect
2021-07-28 21:36:33.007  INFO 3523 --- [    Test worker] o.h.e.t.j.p.i.JtaPlatformInitiator       : HHH000490: Using JtaPlatform implementation: [org.hibernate.engine.transaction.jta.platform.internal.NoJtaPlatform]
2021-07-28 21:36:33.038  INFO 3523 --- [    Test worker] j.LocalContainerEntityManagerFactoryBean : Initialized JPA EntityManagerFactory for persistence unit 'default'
2021-07-28 21:36:37.998  WARN 3523 --- [    Test worker] JpaBaseConfiguration$JpaWebConfiguration : spring.jpa.open-in-view is enabled by default. Therefore, database queries may be performed during view rendering. Explicitly configure spring.jpa.open-in-view to disable this warning
2021-07-28 21:36:38.586  INFO 3523 --- [    Test worker] o.s.b.a.w.s.WelcomePageHandlerMapping    : Adding welcome page: class path resource [static/index.html]
2021-07-28 21:36:39.314  WARN 3523 --- [    Test worker] o.s.data.convert.CustomConversions       : Registering converter from class java.time.OffsetDateTime to class org.springframework.data.jdbc.core.convert.JdbcValue as writing converter although it doesn't convert to a store-supported type! You might want to check your annotation setup at the converter implementation.
2021-07-28 21:36:39.487  INFO 3523 --- [    Test worker] o.s.b.t.m.w.SpringBootMockServletContext : Initializing Spring TestDispatcherServlet ''
2021-07-28 21:36:39.488  INFO 3523 --- [    Test worker] o.s.t.web.servlet.TestDispatcherServlet  : Initializing Servlet ''
2021-07-28 21:36:39.489  INFO 3523 --- [    Test worker] o.s.t.web.servlet.TestDispatcherServlet  : Completed initialization in 1 ms
2021-07-28 21:36:39.528  INFO 3523 --- [    Test worker] c.k.d.s.controller.BankControllerTest    : Started BankControllerTest in 17.667 seconds (JVM running for 20.269)
2021-07-28 21:36:39.678  INFO 3523 --- [    Test worker] .b.t.c.SpringBootTestContextBootstrapper : Neither @ContextConfiguration nor @ContextHierarchy found for test class [com.kwchaiwat.dev.springbootkotlin.controller.BankControllerTest$GetBanks], using SpringBootContextLoader
2021-07-28 21:36:39.683  INFO 3523 --- [    Test worker] o.s.t.c.support.AbstractContextLoader    : Could not detect default resource locations for test class [com.kwchaiwat.dev.springbootkotlin.controller.BankControllerTest$GetBanks]: no resource found for suffixes {-context.xml, Context.groovy}.
2021-07-28 21:36:39.685  INFO 3523 --- [    Test worker] t.c.s.AnnotationConfigContextLoaderUtils : Could not detect default configuration classes for test class [com.kwchaiwat.dev.springbootkotlin.controller.BankControllerTest$GetBanks]: GetBanks does not declare any static, non-private, non-final, nested classes annotated with @Configuration.
2021-07-28 21:36:39.709  INFO 3523 --- [    Test worker] .b.t.c.SpringBootTestContextBootstrapper : Found @SpringBootConfiguration com.kwchaiwat.dev.springbootkotlin.SpringboardsApplication for test class com.kwchaiwat.dev.springbootkotlin.controller.BankControllerTest$GetBanks
2021-07-28 21:36:39.721  INFO 3523 --- [    Test worker] .b.t.c.SpringBootTestContextBootstrapper : Loaded default TestExecutionListener class names from location [META-INF/spring.factories]: [org.springframework.boot.test.autoconfigure.restdocs.RestDocsTestExecutionListener, org.springframework.boot.test.autoconfigure.web.client.MockRestServiceServerResetTestExecutionListener, org.springframework.boot.test.autoconfigure.web.servlet.MockMvcPrintOnlyOnFailureTestExecutionListener, org.springframework.boot.test.autoconfigure.web.servlet.WebDriverTestExecutionListener, org.springframework.boot.test.autoconfigure.webservices.client.MockWebServiceServerTestExecutionListener, org.springframework.boot.test.mock.mockito.MockitoTestExecutionListener, org.springframework.boot.test.mock.mockito.ResetMocksTestExecutionListener, org.springframework.test.context.web.ServletTestExecutionListener, org.springframework.test.context.support.DirtiesContextBeforeModesTestExecutionListener, org.springframework.test.context.event.ApplicationEventsTestExecutionListener, org.springframework.test.context.support.DependencyInjectionTestExecutionListener, org.springframework.test.context.support.DirtiesContextTestExecutionListener, org.springframework.test.context.transaction.TransactionalTestExecutionListener, org.springframework.test.context.jdbc.SqlScriptsTestExecutionListener, org.springframework.test.context.event.EventPublishingTestExecutionListener]
2021-07-28 21:36:39.722  INFO 3523 --- [    Test worker] .b.t.c.SpringBootTestContextBootstrapper : Using TestExecutionListeners: [org.springframework.test.context.web.ServletTestExecutionListener@6c9c7ef6, org.springframework.test.context.support.DirtiesContextBeforeModesTestExecutionListener@72a46481, org.springframework.test.context.event.ApplicationEventsTestExecutionListener@1fed39ea, org.springframework.boot.test.mock.mockito.MockitoTestExecutionListener@6418c69c, org.springframework.boot.test.autoconfigure.SpringBootDependencyInjectionTestExecutionListener@6b7c7f27, org.springframework.test.context.support.DirtiesContextTestExecutionListener@3aad8ea5, org.springframework.test.context.transaction.TransactionalTestExecutionListener@4c79d273, org.springframework.test.context.jdbc.SqlScriptsTestExecutionListener@6e77d146, org.springframework.test.context.event.EventPublishingTestExecutionListener@66fa1ee8, org.springframework.boot.test.autoconfigure.restdocs.RestDocsTestExecutionListener@30f46c34, org.springframework.boot.test.autoconfigure.web.client.MockRestServiceServerResetTestExecutionListener@329cda13, org.springframework.boot.test.autoconfigure.web.servlet.MockMvcPrintOnlyOnFailureTestExecutionListener@62b1c0e7, org.springframework.boot.test.autoconfigure.web.servlet.WebDriverTestExecutionListener@540a8f07, org.springframework.boot.test.autoconfigure.webservices.client.MockWebServiceServerTestExecutionListener@478cdc7e, org.springframework.boot.test.mock.mockito.ResetMocksTestExecutionListener@1314dade]
Hibernate: select bank0_.id as id1_0_, bank0_.account_number as account_2_0_, bank0_.transaction_fee as transact3_0_, bank0_.trust as trust4_0_ from banks bank0_

MockHttpServletRequest:
      HTTP Method = GET
      Request URI = /api/banks
       Parameters = {}
          Headers = []
             Body = null
    Session Attrs = {}

Handler:
             Type = com.kwchaiwat.dev.springbootkotlin.controller.bank.BankController
           Method = com.kwchaiwat.dev.springbootkotlin.controller.bank.BankController#getBanks()

Async:
    Async started = false
     Async result = null

Resolved Exception:
             Type = null

ModelAndView:
        View name = null
             View = null
            Model = null

FlashMap:
       Attributes = null

MockHttpServletResponse:
           Status = 200
    Error message = null
          Headers = [Content-Type:"application/json"]
     Content type = application/json
             Body = [{"id":1,"accountNumber":"AA-12311","trust":1922.33,"transactionFee":30},{"id":12,"accountNumber":"AB-56563","trust":312.22,"transactionFee":40},{"id":18,"accountNumber":"AA-123211","trust":9999.99,"transactionFee":99},{"id":26,"accountNumber":"AC-91923","trust":9999.99,"transactionFee":99}]
    Forwarded URL = null
   Redirected URL = null
          Cookies = []
]]></system-out>
  <system-err><![CDATA[]]></system-err>
</testsuite>
