<?xml version="1.0" encoding="UTF-8"?>
<testsuite name="PATCH /api/banks" tests="2" skipped="0" failures="0" errors="0" timestamp="2021-07-28T14:36:41" hostname="M1ss-MacBook-Pro.local" time="0.636">
  <properties/>
  <testcase name="should return BAD REQUEST if no bank with given account number exists()" classname="com.kwchaiwat.dev.springbootkotlin.controller.BankControllerTest$PatchExistingBank" time="0.071"/>
  <testcase name="should update an existing bank()" classname="com.kwchaiwat.dev.springbootkotlin.controller.BankControllerTest$PatchExistingBank" time="0.565"/>
  <system-out><![CDATA[2021-07-28 21:36:41.950  INFO 3523 --- [    Test worker] .b.t.c.SpringBootTestContextBootstrapper : Neither @ContextConfiguration nor @ContextHierarchy found for test class [com.kwchaiwat.dev.springbootkotlin.controller.BankControllerTest$PatchExistingBank], using SpringBootContextLoader
2021-07-28 21:36:41.952  INFO 3523 --- [    Test worker] o.s.t.c.support.AbstractContextLoader    : Could not detect default resource locations for test class [com.kwchaiwat.dev.springbootkotlin.controller.BankControllerTest$PatchExistingBank]: no resource found for suffixes {-context.xml, Context.groovy}.
2021-07-28 21:36:41.953  INFO 3523 --- [    Test worker] t.c.s.AnnotationConfigContextLoaderUtils : Could not detect default configuration classes for test class [com.kwchaiwat.dev.springbootkotlin.controller.BankControllerTest$PatchExistingBank]: PatchExistingBank does not declare any static, non-private, non-final, nested classes annotated with @Configuration.
2021-07-28 21:36:41.960  INFO 3523 --- [    Test worker] .b.t.c.SpringBootTestContextBootstrapper : Found @SpringBootConfiguration com.kwchaiwat.dev.springbootkotlin.SpringboardsApplication for test class com.kwchaiwat.dev.springbootkotlin.controller.BankControllerTest$PatchExistingBank
2021-07-28 21:36:41.964  INFO 3523 --- [    Test worker] .b.t.c.SpringBootTestContextBootstrapper : Loaded default TestExecutionListener class names from location [META-INF/spring.factories]: [org.springframework.boot.test.autoconfigure.restdocs.RestDocsTestExecutionListener, org.springframework.boot.test.autoconfigure.web.client.MockRestServiceServerResetTestExecutionListener, org.springframework.boot.test.autoconfigure.web.servlet.MockMvcPrintOnlyOnFailureTestExecutionListener, org.springframework.boot.test.autoconfigure.web.servlet.WebDriverTestExecutionListener, org.springframework.boot.test.autoconfigure.webservices.client.MockWebServiceServerTestExecutionListener, org.springframework.boot.test.mock.mockito.MockitoTestExecutionListener, org.springframework.boot.test.mock.mockito.ResetMocksTestExecutionListener, org.springframework.test.context.web.ServletTestExecutionListener, org.springframework.test.context.support.DirtiesContextBeforeModesTestExecutionListener, org.springframework.test.context.event.ApplicationEventsTestExecutionListener, org.springframework.test.context.support.DependencyInjectionTestExecutionListener, org.springframework.test.context.support.DirtiesContextTestExecutionListener, org.springframework.test.context.transaction.TransactionalTestExecutionListener, org.springframework.test.context.jdbc.SqlScriptsTestExecutionListener, org.springframework.test.context.event.EventPublishingTestExecutionListener]
2021-07-28 21:36:41.965  INFO 3523 --- [    Test worker] .b.t.c.SpringBootTestContextBootstrapper : Using TestExecutionListeners: [org.springframework.test.context.web.ServletTestExecutionListener@5ae3538a, org.springframework.test.context.support.DirtiesContextBeforeModesTestExecutionListener@6beaef55, org.springframework.test.context.event.ApplicationEventsTestExecutionListener@2557325c, org.springframework.boot.test.mock.mockito.MockitoTestExecutionListener@10eac04e, org.springframework.boot.test.autoconfigure.SpringBootDependencyInjectionTestExecutionListener@50d5aeda, org.springframework.test.context.support.DirtiesContextTestExecutionListener@6c7963d2, org.springframework.test.context.transaction.TransactionalTestExecutionListener@702069d3, org.springframework.test.context.jdbc.SqlScriptsTestExecutionListener@360e3f29, org.springframework.test.context.event.EventPublishingTestExecutionListener@4bd0f44c, org.springframework.boot.test.autoconfigure.restdocs.RestDocsTestExecutionListener@6c907917, org.springframework.boot.test.autoconfigure.web.client.MockRestServiceServerResetTestExecutionListener@1f8dfba7, org.springframework.boot.test.autoconfigure.web.servlet.MockMvcPrintOnlyOnFailureTestExecutionListener@58bd6808, org.springframework.boot.test.autoconfigure.web.servlet.WebDriverTestExecutionListener@148385c7, org.springframework.boot.test.autoconfigure.webservices.client.MockWebServiceServerTestExecutionListener@7bb41e81, org.springframework.boot.test.mock.mockito.ResetMocksTestExecutionListener@b148293]
Hibernate: select bank0_.id as id1_0_, bank0_.account_number as account_2_0_, bank0_.transaction_fee as transact3_0_, bank0_.trust as trust4_0_ from banks bank0_

MockHttpServletRequest:
      HTTP Method = PATCH
      Request URI = /api/banks
       Parameters = {}
          Headers = [Content-Type:"application/json;charset=UTF-8", Content-Length:"75"]
             Body = {"id":null,"accountNumber":"does_not_exist","trust":1.0,"transactionFee":1}
    Session Attrs = {}

Handler:
             Type = com.kwchaiwat.dev.springbootkotlin.controller.bank.BankController
           Method = com.kwchaiwat.dev.springbootkotlin.controller.bank.BankController#updateBank(Bank)

Async:
    Async started = false
     Async result = null

Resolved Exception:
             Type = java.util.NoSuchElementException

ModelAndView:
        View name = null
             View = null
            Model = null

FlashMap:
       Attributes = null

MockHttpServletResponse:
           Status = 404
    Error message = null
          Headers = [Content-Type:"text/plain;charset=UTF-8", Content-Length:"56"]
     Content type = text/plain;charset=UTF-8
             Body = Could not find a bank with account number does_not_exist
    Forwarded URL = null
   Redirected URL = null
          Cookies = []
Hibernate: select bank0_.id as id1_0_, bank0_.account_number as account_2_0_, bank0_.transaction_fee as transact3_0_, bank0_.trust as trust4_0_ from banks bank0_
Hibernate: delete from banks where id=?
Hibernate: insert into banks (account_number, transaction_fee, trust) values (?, ?, ?)

MockHttpServletRequest:
      HTTP Method = PATCH
      Request URI = /api/banks
       Parameters = {}
          Headers = [Content-Type:"application/json;charset=UTF-8", Content-Length:"74"]
             Body = {"id":null,"accountNumber":"AC-91923","trust":9999.99,"transactionFee":99}
    Session Attrs = {}

Handler:
             Type = com.kwchaiwat.dev.springbootkotlin.controller.bank.BankController
           Method = com.kwchaiwat.dev.springbootkotlin.controller.bank.BankController#updateBank(Bank)

Async:
    Async started = false
     Async result = null

Resolved Exception:
             Type = null

ModelAndView:
        View name = null
             View = null
            Model = null

FlashMap:
       Attributes = null

MockHttpServletResponse:
           Status = 200
    Error message = null
          Headers = [Content-Type:"application/json"]
     Content type = application/json
             Body = {"id":28,"accountNumber":"AC-91923","trust":9999.99,"transactionFee":99}
    Forwarded URL = null
   Redirected URL = null
          Cookies = []
Hibernate: select bank0_.id as id1_0_, bank0_.account_number as account_2_0_, bank0_.transaction_fee as transact3_0_, bank0_.trust as trust4_0_ from banks bank0_ where bank0_.account_number=?
]]></system-out>
  <system-err><![CDATA[]]></system-err>
</testsuite>
