<?xml version="1.0" encoding="UTF-8"?>
<testsuite name="DELETE /api/banks" tests="2" skipped="0" failures="0" errors="0" timestamp="2021-07-28T10:32:59" hostname="M1ss-MacBook-Pro.local" time="0.171">
  <properties/>
  <testcase name="should delete the bank with the given account number()" classname="com.kwchaiwat.dev.springbootkotlin.controller.BankControllerTest$DeleteExistingBank" time="0.098"/>
  <testcase name="should return NOT FOUND if no bank with given account number exitsts()" classname="com.kwchaiwat.dev.springbootkotlin.controller.BankControllerTest$DeleteExistingBank" time="0.072"/>
  <system-out><![CDATA[2021-07-28 17:32:59.566  INFO 84685 --- [    Test worker] .b.t.c.SpringBootTestContextBootstrapper : Neither @ContextConfiguration nor @ContextHierarchy found for test class [com.kwchaiwat.dev.springbootkotlin.controller.BankControllerTest$DeleteExistingBank], using SpringBootContextLoader
2021-07-28 17:32:59.567  INFO 84685 --- [    Test worker] o.s.t.c.support.AbstractContextLoader    : Could not detect default resource locations for test class [com.kwchaiwat.dev.springbootkotlin.controller.BankControllerTest$DeleteExistingBank]: no resource found for suffixes {-context.xml, Context.groovy}.
2021-07-28 17:32:59.568  INFO 84685 --- [    Test worker] t.c.s.AnnotationConfigContextLoaderUtils : Could not detect default configuration classes for test class [com.kwchaiwat.dev.springbootkotlin.controller.BankControllerTest$DeleteExistingBank]: DeleteExistingBank does not declare any static, non-private, non-final, nested classes annotated with @Configuration.
2021-07-28 17:32:59.574  INFO 84685 --- [    Test worker] .b.t.c.SpringBootTestContextBootstrapper : Found @SpringBootConfiguration com.kwchaiwat.dev.springbootkotlin.SpringboardsApplication for test class com.kwchaiwat.dev.springbootkotlin.controller.BankControllerTest$DeleteExistingBank
2021-07-28 17:32:59.577  INFO 84685 --- [    Test worker] .b.t.c.SpringBootTestContextBootstrapper : Loaded default TestExecutionListener class names from location [META-INF/spring.factories]: [org.springframework.boot.test.autoconfigure.restdocs.RestDocsTestExecutionListener, org.springframework.boot.test.autoconfigure.web.client.MockRestServiceServerResetTestExecutionListener, org.springframework.boot.test.autoconfigure.web.servlet.MockMvcPrintOnlyOnFailureTestExecutionListener, org.springframework.boot.test.autoconfigure.web.servlet.WebDriverTestExecutionListener, org.springframework.boot.test.autoconfigure.webservices.client.MockWebServiceServerTestExecutionListener, org.springframework.boot.test.mock.mockito.MockitoTestExecutionListener, org.springframework.boot.test.mock.mockito.ResetMocksTestExecutionListener, org.springframework.test.context.web.ServletTestExecutionListener, org.springframework.test.context.support.DirtiesContextBeforeModesTestExecutionListener, org.springframework.test.context.event.ApplicationEventsTestExecutionListener, org.springframework.test.context.support.DependencyInjectionTestExecutionListener, org.springframework.test.context.support.DirtiesContextTestExecutionListener, org.springframework.test.context.transaction.TransactionalTestExecutionListener, org.springframework.test.context.jdbc.SqlScriptsTestExecutionListener, org.springframework.test.context.event.EventPublishingTestExecutionListener]
2021-07-28 17:32:59.578  INFO 84685 --- [    Test worker] .b.t.c.SpringBootTestContextBootstrapper : Using TestExecutionListeners: [org.springframework.test.context.web.ServletTestExecutionListener@7d0485d4, org.springframework.test.context.support.DirtiesContextBeforeModesTestExecutionListener@352ec006, org.springframework.test.context.event.ApplicationEventsTestExecutionListener@6e4cc432, org.springframework.boot.test.mock.mockito.MockitoTestExecutionListener@7551ba13, org.springframework.boot.test.autoconfigure.SpringBootDependencyInjectionTestExecutionListener@2ca2bb48, org.springframework.test.context.support.DirtiesContextTestExecutionListener@6f4f702a, org.springframework.test.context.transaction.TransactionalTestExecutionListener@672a44a5, org.springframework.test.context.jdbc.SqlScriptsTestExecutionListener@1f53eb71, org.springframework.test.context.event.EventPublishingTestExecutionListener@26927b28, org.springframework.boot.test.autoconfigure.restdocs.RestDocsTestExecutionListener@324891f0, org.springframework.boot.test.autoconfigure.web.client.MockRestServiceServerResetTestExecutionListener@772f470, org.springframework.boot.test.autoconfigure.web.servlet.MockMvcPrintOnlyOnFailureTestExecutionListener@77a9f8c, org.springframework.boot.test.autoconfigure.web.servlet.WebDriverTestExecutionListener@3284ef70, org.springframework.boot.test.autoconfigure.webservices.client.MockWebServiceServerTestExecutionListener@44352fc1, org.springframework.boot.test.mock.mockito.ResetMocksTestExecutionListener@54749243]
Hibernate: select bank0_.id as id1_0_, bank0_.account_number as account_2_0_, bank0_.transaction_fee as transact3_0_, bank0_.trust as trust4_0_ from banks bank0_ where bank0_.account_number=?
Hibernate: delete from banks where id=?

MockHttpServletRequest:
      HTTP Method = DELETE
      Request URI = /api/banks/abc123
       Parameters = {}
          Headers = []
             Body = null
    Session Attrs = {}

Handler:
             Type = com.kwchaiwat.dev.springbootkotlin.controller.bank.BankController
           Method = com.kwchaiwat.dev.springbootkotlin.controller.bank.BankController#deleteBank(String)

Async:
    Async started = false
     Async result = null

Resolved Exception:
             Type = null

ModelAndView:
        View name = null
             View = null
            Model = null

FlashMap:
       Attributes = null

MockHttpServletResponse:
           Status = 204
    Error message = null
          Headers = []
     Content type = null
             Body = 
    Forwarded URL = null
   Redirected URL = null
          Cookies = []
Hibernate: select bank0_.id as id1_0_, bank0_.account_number as account_2_0_, bank0_.transaction_fee as transact3_0_, bank0_.trust as trust4_0_ from banks bank0_ where bank0_.account_number=?
Hibernate: select bank0_.id as id1_0_, bank0_.account_number as account_2_0_, bank0_.transaction_fee as transact3_0_, bank0_.trust as trust4_0_ from banks bank0_ where bank0_.account_number=?

MockHttpServletRequest:
      HTTP Method = DELETE
      Request URI = /api/banks/does_not_exist
       Parameters = {}
          Headers = []
             Body = null
    Session Attrs = {}

Handler:
             Type = com.kwchaiwat.dev.springbootkotlin.controller.bank.BankController
           Method = com.kwchaiwat.dev.springbootkotlin.controller.bank.BankController#deleteBank(String)

Async:
    Async started = false
     Async result = null

Resolved Exception:
             Type = java.util.NoSuchElementException

ModelAndView:
        View name = null
             View = null
            Model = null

FlashMap:
       Attributes = null

MockHttpServletResponse:
           Status = 404
    Error message = null
          Headers = [Content-Type:"text/plain;charset=UTF-8", Content-Length:"56"]
     Content type = text/plain;charset=UTF-8
             Body = Could not find a bank with account number does_not_exist
    Forwarded URL = null
   Redirected URL = null
          Cookies = []
]]></system-out>
  <system-err><![CDATA[]]></system-err>
</testsuite>
