<?xml version="1.0" encoding="UTF-8"?>
<testsuite name="POST /api/banks" tests="2" skipped="0" failures="0" errors="0" timestamp="2021-07-28T14:36:41" hostname="M1ss-MacBook-Pro.local" time="0.359">
  <properties/>
  <testcase name="should return BAD REQUEST if bank with given account number already exists()" classname="com.kwchaiwat.dev.springbootkotlin.controller.BankControllerTest$PostNewBank" time="0.111"/>
  <testcase name="should add the new bank()" classname="com.kwchaiwat.dev.springbootkotlin.controller.BankControllerTest$PostNewBank" time="0.247"/>
  <system-out><![CDATA[2021-07-28 21:36:41.520  INFO 3523 --- [    Test worker] .b.t.c.SpringBootTestContextBootstrapper : Neither @ContextConfiguration nor @ContextHierarchy found for test class [com.kwchaiwat.dev.springbootkotlin.controller.BankControllerTest$PostNewBank], using SpringBootContextLoader
2021-07-28 21:36:41.524  INFO 3523 --- [    Test worker] o.s.t.c.support.AbstractContextLoader    : Could not detect default resource locations for test class [com.kwchaiwat.dev.springbootkotlin.controller.BankControllerTest$PostNewBank]: no resource found for suffixes {-context.xml, Context.groovy}.
2021-07-28 21:36:41.526  INFO 3523 --- [    Test worker] t.c.s.AnnotationConfigContextLoaderUtils : Could not detect default configuration classes for test class [com.kwchaiwat.dev.springbootkotlin.controller.BankControllerTest$PostNewBank]: PostNewBank does not declare any static, non-private, non-final, nested classes annotated with @Configuration.
2021-07-28 21:36:41.537  INFO 3523 --- [    Test worker] .b.t.c.SpringBootTestContextBootstrapper : Found @SpringBootConfiguration com.kwchaiwat.dev.springbootkotlin.SpringboardsApplication for test class com.kwchaiwat.dev.springbootkotlin.controller.BankControllerTest$PostNewBank
2021-07-28 21:36:41.550  INFO 3523 --- [    Test worker] .b.t.c.SpringBootTestContextBootstrapper : Loaded default TestExecutionListener class names from location [META-INF/spring.factories]: [org.springframework.boot.test.autoconfigure.restdocs.RestDocsTestExecutionListener, org.springframework.boot.test.autoconfigure.web.client.MockRestServiceServerResetTestExecutionListener, org.springframework.boot.test.autoconfigure.web.servlet.MockMvcPrintOnlyOnFailureTestExecutionListener, org.springframework.boot.test.autoconfigure.web.servlet.WebDriverTestExecutionListener, org.springframework.boot.test.autoconfigure.webservices.client.MockWebServiceServerTestExecutionListener, org.springframework.boot.test.mock.mockito.MockitoTestExecutionListener, org.springframework.boot.test.mock.mockito.ResetMocksTestExecutionListener, org.springframework.test.context.web.ServletTestExecutionListener, org.springframework.test.context.support.DirtiesContextBeforeModesTestExecutionListener, org.springframework.test.context.event.ApplicationEventsTestExecutionListener, org.springframework.test.context.support.DependencyInjectionTestExecutionListener, org.springframework.test.context.support.DirtiesContextTestExecutionListener, org.springframework.test.context.transaction.TransactionalTestExecutionListener, org.springframework.test.context.jdbc.SqlScriptsTestExecutionListener, org.springframework.test.context.event.EventPublishingTestExecutionListener]
2021-07-28 21:36:41.551  INFO 3523 --- [    Test worker] .b.t.c.SpringBootTestContextBootstrapper : Using TestExecutionListeners: [org.springframework.test.context.web.ServletTestExecutionListener@17171d1f, org.springframework.test.context.support.DirtiesContextBeforeModesTestExecutionListener@2fd8f6f7, org.springframework.test.context.event.ApplicationEventsTestExecutionListener@24d9108b, org.springframework.boot.test.mock.mockito.MockitoTestExecutionListener@4c003623, org.springframework.boot.test.autoconfigure.SpringBootDependencyInjectionTestExecutionListener@63503559, org.springframework.test.context.support.DirtiesContextTestExecutionListener@bd7188a, org.springframework.test.context.transaction.TransactionalTestExecutionListener@67e61c33, org.springframework.test.context.jdbc.SqlScriptsTestExecutionListener@2a9a9fc2, org.springframework.test.context.event.EventPublishingTestExecutionListener@48829d35, org.springframework.boot.test.autoconfigure.restdocs.RestDocsTestExecutionListener@7ba2dfe7, org.springframework.boot.test.autoconfigure.web.client.MockRestServiceServerResetTestExecutionListener@2c724324, org.springframework.boot.test.autoconfigure.web.servlet.MockMvcPrintOnlyOnFailureTestExecutionListener@52e8ade7, org.springframework.boot.test.autoconfigure.web.servlet.WebDriverTestExecutionListener@e5fe9ba, org.springframework.boot.test.autoconfigure.webservices.client.MockWebServiceServerTestExecutionListener@63ef5271, org.springframework.boot.test.mock.mockito.ResetMocksTestExecutionListener@5d3a464b]
Hibernate: select bank0_.id as id1_0_, bank0_.account_number as account_2_0_, bank0_.transaction_fee as transact3_0_, bank0_.trust as trust4_0_ from banks bank0_

MockHttpServletRequest:
      HTTP Method = POST
      Request URI = /api/banks
       Parameters = {}
          Headers = [Content-Type:"application/json;charset=UTF-8", Content-Length:"74"]
             Body = {"id":null,"accountNumber":"AA-12311","trust":1922.33,"transactionFee":30}
    Session Attrs = {}

Handler:
             Type = com.kwchaiwat.dev.springbootkotlin.controller.bank.BankController
           Method = com.kwchaiwat.dev.springbootkotlin.controller.bank.BankController#addBank(Bank)

Async:
    Async started = false
     Async result = null

Resolved Exception:
             Type = java.lang.IllegalArgumentException

ModelAndView:
        View name = null
             View = null
            Model = null

FlashMap:
       Attributes = null

MockHttpServletResponse:
           Status = 400
    Error message = null
          Headers = [Content-Type:"text/plain;charset=UTF-8", Content-Length:"48"]
     Content type = text/plain;charset=UTF-8
             Body = Bank with account number AA-12311 already exits.
    Forwarded URL = null
   Redirected URL = null
          Cookies = []
Hibernate: select bank0_.id as id1_0_, bank0_.account_number as account_2_0_, bank0_.transaction_fee as transact3_0_, bank0_.trust as trust4_0_ from banks bank0_
Hibernate: insert into banks (account_number, transaction_fee, trust) values (?, ?, ?)

MockHttpServletRequest:
      HTTP Method = POST
      Request URI = /api/banks
       Parameters = {}
          Headers = [Content-Type:"application/json;charset=UTF-8", Content-Length:"69"]
             Body = {"id":null,"accountNumber":"abc123","trust":31.41,"transactionFee":2}
    Session Attrs = {}

Handler:
             Type = com.kwchaiwat.dev.springbootkotlin.controller.bank.BankController
           Method = com.kwchaiwat.dev.springbootkotlin.controller.bank.BankController#addBank(Bank)

Async:
    Async started = false
     Async result = null

Resolved Exception:
             Type = null

ModelAndView:
        View name = null
             View = null
            Model = null

FlashMap:
       Attributes = null

MockHttpServletResponse:
           Status = 201
    Error message = null
          Headers = [Content-Type:"application/json"]
     Content type = application/json
             Body = {"id":27,"accountNumber":"abc123","trust":31.41,"transactionFee":2}
    Forwarded URL = null
   Redirected URL = null
          Cookies = []
Hibernate: select bank0_.id as id1_0_, bank0_.account_number as account_2_0_, bank0_.transaction_fee as transact3_0_, bank0_.trust as trust4_0_ from banks bank0_ where bank0_.account_number=?
]]></system-out>
  <system-err><![CDATA[]]></system-err>
</testsuite>
